Start testing: Jun 17 20:56 Eastern Daylight Time
----------------------------------------------------------
1/1 Testing: HermiteTest
1/1 Test: HermiteTest
Command: "F:/python/project/gaussian-integrals-cpp/build/test_hermite.exe"
Directory: F:/python/project/gaussian-integrals-cpp/build
"HermiteTest" start time: Jun 17 20:56 Eastern Daylight Time
Output:
----------------------------------------------------------
[s] Qx = 1.0 | Expected: 0.778801, Got: 0.778801
[p] Qx = 1.0 | Expected: -0.3894, Got: -0.3894
[d] Qx = ±1.0 | +Qx: 0.584101, -Qx: 0.584101
All tests passed.
<end of output>
Test time =   0.03 sec
----------------------------------------------------------
Test Passed.
"HermiteTest" end time: Jun 17 20:56 Eastern Daylight Time
"HermiteTest" time elapsed: 00:00:00
----------------------------------------------------------

End testing: Jun 17 20:56 Eastern Daylight Time
