<?xml version="1.0" encoding="UTF-8"?>
<Site BuildName="(empty)"
	BuildStamp="20250616-1640-Experimental"
	Name="(empty)"
	Generator="ctest-4.0.3"
	CompilerName=""
	CompilerVersion=""
	OSName="Windows"
	Hostname="DESKTOP-LJEAGBI"
	OSRelease=" Professional"
	OSVersion=" (Build 19045)"
	OSPlatform="AMD64"
	Is64Bits="1"
	VendorString="GenuineIntel"
	VendorID="Intel Corporation"
	FamilyID="6"
	ModelID="14"
	ModelName=""
	ProcessorCacheSize="-1"
	NumberOfLogicalCPU="12"
	NumberOfPhysicalCPU="6"
	TotalVirtualMemory="29108"
	TotalPhysicalMemory="16308"
	LogicalProcessorsPerPhysical="2"
	ProcessorClockFrequency="3696"
	>
	<Testing>
		<StartDateTime>Jun 20 00:05 Eastern Daylight Time</StartDateTime>
		<StartTestTime>1750392302</StartTestTime>
		<TestList>
			<Test>./OverlapTest</Test>
		</TestList>
		<Test Status="passed">
			<Name>OverlapTest</Name>
			<Path>.</Path>
			<FullName>./OverlapTest</FullName>
			<FullCommandLine>F:\python\project\gaussian-integrals-cpp\build\test_overlap.exe</FullCommandLine>
			<Results>
				<NamedMeasurement type="numeric/double" name="Execution Time">
					<Value>0.0334474</Value>
				</NamedMeasurement>
				<NamedMeasurement type="numeric/double" name="Processors">
					<Value>1</Value>
				</NamedMeasurement>
				<NamedMeasurement type="text/string" name="Completion Status">
					<Value>Completed</Value>
				</NamedMeasurement>
				<NamedMeasurement type="text/string" name="Command Line">
					<Value>F:\python\project\gaussian-integrals-cpp\build\test_overlap.exe</Value>
				</NamedMeasurement>
				<NamedMeasurement type="text/string" name="Environment">
					<Value>#CTEST_RESOURCE_GROUP_COUNT=</Value>
				</NamedMeasurement>
				<Measurement>
					<Value encoding="base64" compression="gzip">eJyLLi6OVahRcK0oSE0uSU2xUjDSMzM2MLLUUXDPL4HzuKKLC1CV6RrqGRuaGppC1cG4QIUpqAoN9SzNjcyNoOqgPC7HnByFktTikmKFgsTi4tQUPS4ATj4mJQ==</Value>
				</Measurement>
			</Results>
		</Test>
		<EndDateTime>Jun 20 00:05 Eastern Daylight Time</EndDateTime>
		<EndTestTime>1750392302</EndTestTime>
		<ElapsedMinutes>0</ElapsedMinutes>
	</Testing>
</Site>
